c:\users\shellster\documents\visual studio 2015\projects\dcsyncmonitor\dcsyncmonitor\debug\vc140.pdb
c:\users\shellster\documents\visual studio 2015\projects\dcsyncmonitor\dcsyncmonitor\debug\vc140.idb
c:\users\shellster\documents\visual studio 2015\projects\dcsyncmonitor\dcsyncmonitor\debug\dcsyncmonitorservice.obj
c:\users\shellster\documents\visual studio 2015\projects\dcsyncmonitor\dcsyncmonitor\debug\debug_print.obj
c:\users\shellster\documents\visual studio 2015\projects\dcsyncmonitor\dcsyncmonitor\debug\event_log.obj
c:\users\shellster\documents\visual studio 2015\projects\dcsyncmonitor\dcsyncmonitor\debug\installservice.obj
c:\users\shellster\documents\visual studio 2015\projects\dcsyncmonitor\dcsyncmonitor\debug\misc_helpers.obj
c:\users\shellster\documents\visual studio 2015\projects\dcsyncmonitor\dcsyncmonitor\debug\monitor.obj
c:\users\shellster\documents\visual studio 2015\projects\dcsyncmonitor\dcsyncmonitor\debug\packet_dissector.obj
c:\users\shellster\documents\visual studio 2015\projects\dcsyncmonitor\dcsyncmonitor\debug\servicebase.obj
c:\users\shellster\documents\visual studio 2015\projects\dcsyncmonitor\dcsyncmonitor\debug\serviceinstaller.obj
c:\users\shellster\documents\visual studio 2015\projects\dcsyncmonitor\dcsyncmonitor\debug\thread_helper.obj
c:\users\shellster\documents\visual studio 2015\projects\dcsyncmonitor\debug\dcsyncmonitorservice.ilk
c:\users\shellster\documents\visual studio 2015\projects\dcsyncmonitor\debug\dcsyncmonitorservice.exe
c:\users\shellster\documents\visual studio 2015\projects\dcsyncmonitor\debug\dcsyncmonitorservice.pdb
c:\users\shellster\documents\visual studio 2015\projects\dcsyncmonitor\dcsyncmonitor\debug\event_log_template.res
c:\users\shellster\documents\visual studio 2015\projects\dcsyncmonitor\dcsyncmonitor\debug\dcsyncmo.fbba7a61.tlog\cl.command.1.tlog
c:\users\shellster\documents\visual studio 2015\projects\dcsyncmonitor\dcsyncmonitor\debug\dcsyncmo.fbba7a61.tlog\cl.read.1.tlog
c:\users\shellster\documents\visual studio 2015\projects\dcsyncmonitor\dcsyncmonitor\debug\dcsyncmo.fbba7a61.tlog\cl.write.1.tlog
c:\users\shellster\documents\visual studio 2015\projects\dcsyncmonitor\dcsyncmonitor\debug\dcsyncmo.fbba7a61.tlog\link.command.1.tlog
c:\users\shellster\documents\visual studio 2015\projects\dcsyncmonitor\dcsyncmonitor\debug\dcsyncmo.fbba7a61.tlog\link.read.1.tlog
c:\users\shellster\documents\visual studio 2015\projects\dcsyncmonitor\dcsyncmonitor\debug\dcsyncmo.fbba7a61.tlog\link.write.1.tlog
c:\users\shellster\documents\visual studio 2015\projects\dcsyncmonitor\dcsyncmonitor\debug\dcsyncmo.fbba7a61.tlog\rc.command.1.tlog
c:\users\shellster\documents\visual studio 2015\projects\dcsyncmonitor\dcsyncmonitor\debug\dcsyncmo.fbba7a61.tlog\rc.read.1.tlog
c:\users\shellster\documents\visual studio 2015\projects\dcsyncmonitor\dcsyncmonitor\debug\dcsyncmo.fbba7a61.tlog\rc.write.1.tlog
