c:\users\shellster\documents\visual studio 2015\projects\dcsyncmonitor\dcsyncmonitor\release\vc140.pdb
c:\users\shellster\documents\visual studio 2015\projects\dcsyncmonitor\dcsyncmonitor\release\thread_helper.obj
c:\users\shellster\documents\visual studio 2015\projects\dcsyncmonitor\dcsyncmonitor\release\serviceinstaller.obj
c:\users\shellster\documents\visual studio 2015\projects\dcsyncmonitor\dcsyncmonitor\release\servicebase.obj
c:\users\shellster\documents\visual studio 2015\projects\dcsyncmonitor\dcsyncmonitor\release\packet_dissector.obj
c:\users\shellster\documents\visual studio 2015\projects\dcsyncmonitor\dcsyncmonitor\release\monitor.obj
c:\users\shellster\documents\visual studio 2015\projects\dcsyncmonitor\dcsyncmonitor\release\misc_helpers.obj
c:\users\shellster\documents\visual studio 2015\projects\dcsyncmonitor\dcsyncmonitor\release\installservice.obj
c:\users\shellster\documents\visual studio 2015\projects\dcsyncmonitor\dcsyncmonitor\release\event_log.obj
c:\users\shellster\documents\visual studio 2015\projects\dcsyncmonitor\dcsyncmonitor\release\debug_print.obj
c:\users\shellster\documents\visual studio 2015\projects\dcsyncmonitor\dcsyncmonitor\release\dcsyncmonitorservice.obj
c:\users\shellster\documents\visual studio 2015\projects\dcsyncmonitor\release\dcsyncmonitorservice.exe
c:\users\shellster\documents\visual studio 2015\projects\dcsyncmonitor\release\dcsyncmonitorservice.ipdb
c:\users\shellster\documents\visual studio 2015\projects\dcsyncmonitor\release\dcsyncmonitorservice.iobj
c:\users\shellster\documents\visual studio 2015\projects\dcsyncmonitor\release\dcsyncmonitorservice.pdb
c:\users\shellster\documents\visual studio 2015\projects\dcsyncmonitor\dcsyncmonitor\release\event_log_template.res
c:\users\shellster\documents\visual studio 2015\projects\dcsyncmonitor\dcsyncmonitor\release\dcsyncmo.fbba7a61.tlog\cl.command.1.tlog
c:\users\shellster\documents\visual studio 2015\projects\dcsyncmonitor\dcsyncmonitor\release\dcsyncmo.fbba7a61.tlog\cl.read.1.tlog
c:\users\shellster\documents\visual studio 2015\projects\dcsyncmonitor\dcsyncmonitor\release\dcsyncmo.fbba7a61.tlog\cl.write.1.tlog
c:\users\shellster\documents\visual studio 2015\projects\dcsyncmonitor\dcsyncmonitor\release\dcsyncmo.fbba7a61.tlog\link.command.1.tlog
c:\users\shellster\documents\visual studio 2015\projects\dcsyncmonitor\dcsyncmonitor\release\dcsyncmo.fbba7a61.tlog\link.read.1.tlog
c:\users\shellster\documents\visual studio 2015\projects\dcsyncmonitor\dcsyncmonitor\release\dcsyncmo.fbba7a61.tlog\link.write.1.tlog
c:\users\shellster\documents\visual studio 2015\projects\dcsyncmonitor\dcsyncmonitor\release\dcsyncmo.fbba7a61.tlog\rc.command.1.tlog
c:\users\shellster\documents\visual studio 2015\projects\dcsyncmonitor\dcsyncmonitor\release\dcsyncmo.fbba7a61.tlog\rc.read.1.tlog
c:\users\shellster\documents\visual studio 2015\projects\dcsyncmonitor\dcsyncmonitor\release\dcsyncmo.fbba7a61.tlog\rc.write.1.tlog
